This is XeTeX, Version 3.141592653-2.6-0.999994 (TeX Live 2022) (preloaded format=xelatex 2022.6.2)  26 NOV 2023 10:48
entering extended mode
 \write18 enabled.
 %&-line parsing enabled.
**newvbtm-man.tex
(./newvbtm-man.tex
LaTeX2e <2021-11-15> patch level 1
L3 programming layer <2022-02-24>
File: newvbtm-man.tex 2002/04/08 v1.1 

(/usr/local/texlive/2022/texmf-dist/tex/latex/base/ltxdoc.cls
Document Class: ltxdoc 2020/12/05 v2.1b Standard LaTeX documentation class
*************************************
* Local config file ltxdoc.cfg used
*************************************
(/usr/local/texlive/2022/texmf-dist/tex/latex-dev/base/ltxdoc.cfg
File: ltxdoc.cfg 2021/12/07 v2.0c ltxdoc.cls configuration (LaTeX Project)
)
(/usr/local/texlive/2022/texmf-dist/tex/latex/base/article.cls
Document Class: article 2021/10/04 v1.4n Standard LaTeX document class
(/usr/local/texlive/2022/texmf-dist/tex/latex/base/size10.clo
File: size10.clo 2021/10/04 v1.4n Standard LaTeX file (size option)
)
\c@part=\count181
\c@section=\count182
\c@subsection=\count183
\c@subsubsection=\count184
\c@paragraph=\count185
\c@subparagraph=\count186
\c@figure=\count187
\c@table=\count188
\abovecaptionskip=\skip47
\belowcaptionskip=\skip48
\bibindent=\dimen138
)
(/usr/local/texlive/2022/texmf-dist/tex/latex/base/doc.sty
Package: doc 2021/10/04 v2.1n Standard LaTeX documentation package (FMi)
\c@StandardModuleDepth=\count189
\guard@level=\count190
\MacrocodeTopsep=\skip49
\MacroIndent=\dimen139
\macro@cnt=\count191
\MacroTopsep=\skip50
\index@excludelist=\toks16

(/usr/local/texlive/2022/texmf-dist/tex/latex/tools/multicol.sty
Package: multicol 2021/10/28 v1.9b multicolumn formatting (FMi)
\c@tracingmulticols=\count192
\mult@box=\box50
\multicol@leftmargin=\dimen140
\c@unbalance=\count193
\c@collectmore=\count194
\doublecol@number=\count195
\multicoltolerance=\count196
\multicolpretolerance=\count197
\full@width=\dimen141
\page@free=\dimen142
\premulticols=\dimen143
\postmulticols=\dimen144
\multicolsep=\skip51
\multicolbaselineskip=\skip52
\partial@page=\box51
\last@line=\box52
\maxbalancingoverflow=\dimen145
\mult@rightbox=\box53
\mult@grightbox=\box54
\mult@firstbox=\box55
\mult@gfirstbox=\box56
\@tempa=\box57
\@tempa=\box58
\@tempa=\box59
\@tempa=\box60
\@tempa=\box61
\@tempa=\box62
\@tempa=\box63
\@tempa=\box64
\@tempa=\box65
\@tempa=\box66
\@tempa=\box67
\@tempa=\box68
\@tempa=\box69
\@tempa=\box70
\@tempa=\box71
\@tempa=\box72
\@tempa=\box73
\@tempa=\box74
\@tempa=\box75
\@tempa=\box76
\@tempa=\box77
\@tempa=\box78
\@tempa=\box79
\@tempa=\box80
\@tempa=\box81
\@tempa=\box82
\@tempa=\box83
\@tempa=\box84
\@tempa=\box85
\@tempa=\box86
\@tempa=\box87
\@tempa=\box88
\@tempa=\box89
\@tempa=\box90
\@tempa=\box91
\@tempa=\box92
\c@minrows=\count198
\c@columnbadness=\count199
\c@finalcolumnbadness=\count266
\last@try=\dimen146
\multicolovershoot=\dimen147
\multicolundershoot=\dimen148
\mult@nat@firstbox=\box93
\colbreak@box=\box94
\mc@col@check@num=\count267
)
\IndexMin=\dimen149
\c@IndexColumns=\count268
\GlossaryMin=\dimen150
\c@GlossaryColumns=\count269
\check@sum=\count270
\bslash@cnt=\count271
\wrong@table=\toks17
\c@CodelineNo=\count272
))
(/usr/local/texlive/2022/texmf-dist/tex/latex/newvbtm/varvbtm.sty
Package: varvbtm 2002/04/08 v1.1 

(/usr/local/texlive/2022/texmf-dist/tex/latex/newvbtm/newvbtm.sty
Package: newvbtm 2002/04/08 v1.1 
)
\c@VVBtabwidth=\count273
\vvb@tabwidth=\dimen151
\vvb@everypar=\toks18
\vvb@tabbox=\box95
)
\@indexfile=\write3
\openout3 = `newvbtm-man.idx'.


Writing index file newvbtm-man.idx
\@glossaryfile=\write4
\openout4 = `newvbtm-man.glo'.

Writing glossary file newvbtm-man.glo 
(/usr/local/texlive/2022/texmf-dist/tex/latex/l3backend/l3backend-xetex.def
File: l3backend-xetex.def 2022-02-07 L3 backend support: XeTeX

(|extractbb --version)
\c__kernel_sys_dvipdfmx_version_int=\count274
\l__color_backend_stack_int=\count275
\g__color_backend_stack_int=\count276
\g__graphics_track_int=\count277
\l__pdf_internal_box=\box96
\g__pdf_backend_object_int=\count278
\g__pdf_backend_annotation_int=\count279
\g__pdf_backend_link_int=\count280
) (./newvbtm-man.aux)
\openout1 = `newvbtm-man.aux'.

LaTeX Font Info:    Checking defaults for OML/cmm/m/it on input line 59.
LaTeX Font Info:    ... okay on input line 59.
LaTeX Font Info:    Checking defaults for OMS/cmsy/m/n on input line 59.
LaTeX Font Info:    ... okay on input line 59.
LaTeX Font Info:    Checking defaults for OT1/cmr/m/n on input line 59.
LaTeX Font Info:    ... okay on input line 59.
LaTeX Font Info:    Checking defaults for T1/cmr/m/n on input line 59.
LaTeX Font Info:    ... okay on input line 59.
LaTeX Font Info:    Checking defaults for TS1/cmr/m/n on input line 59.
LaTeX Font Info:    Trying to load font information for TS1+cmr on input line 5
9.

(/usr/local/texlive/2022/texmf-dist/tex/latex/base/ts1cmr.fd
File: ts1cmr.fd 2019/12/16 v2.5j Standard LaTeX font definitions
)
LaTeX Font Info:    ... okay on input line 59.
LaTeX Font Info:    Checking defaults for TU/lmr/m/n on input line 59.
LaTeX Font Info:    ... okay on input line 59.
LaTeX Font Info:    Checking defaults for OMX/cmex/m/n on input line 59.
LaTeX Font Info:    ... okay on input line 59.
LaTeX Font Info:    Checking defaults for U/cmr/m/n on input line 59.
LaTeX Font Info:    ... okay on input line 59.
Package doc Info: Made | a short reference for \verb on input line 59.
 (./newvbtm.dtx
***************************
* Character table correct *
***************************
File: newvbtm.dtx 2002/04/08 v1.1 
LaTeX Font Info:    External font `cmex10' loaded for size
(Font)              <17.28> on input line 197.
LaTeX Font Info:    External font `cmex10' loaded for size
(Font)              <12> on input line 197.
LaTeX Font Info:    External font `cmex10' loaded for size
(Font)              <8> on input line 197.
LaTeX Font Info:    External font `cmex10' loaded for size
(Font)              <6> on input line 197.
LaTeX Font Info:    External font `cmex10' loaded for size
(Font)              <5> on input line 197.
No file newvbtm-man.toc.
\tf@toc=\write5
\openout5 = `newvbtm-man.toc'.

[1

]
LaTeX Font Info:    External font `cmex10' loaded for size
(Font)              <7> on input line 214.
LaTeX Font Info:    Font shape `TU/lmtt/bx/n' in size <12> not available
(Font)              Font shape `TU/lmtt/b/n' tried instead on input line 294.
 [2]

LaTeX Warning: Reference `sec:usage-var' on page 3 undefined on input line 362.


[3]
LaTeX Font Info:    Font shape `TU/lmtt/bx/n' in size <10> not available
(Font)              Font shape `TU/lmtt/b/n' tried instead on input line 471.
 [4] [5]
No file newvbtm-man.ind.
) [6] (./newvbtm-man.aux)

LaTeX Warning: There were undefined references.


LaTeX Warning: Label(s) may have changed. Rerun to get cross-references right.

 ) 
Here is how much of TeX's memory you used:
 1157 strings out of 476179
 21240 string characters out of 5809545
 332532 words of memory out of 5000000
 21905 multiletter control sequences out of 15000+600000
 473269 words of font info for 65 fonts, out of 8000000 for 9000
 1348 hyphenation exceptions out of 8191
 56i,8n,62p,234b,358s stack positions out of 10000i,1000n,20000p,200000b,200000s

Output written on newvbtm-man.pdf (6 pages).
