This is XeTeX, Version 3.141592653-2.6-0.999994 (TeX Live 2022) (preloaded format=xelatex 2022.6.2)  20 APR 2023 08:44
entering extended mode
 \write18 enabled.
 %&-line parsing enabled.
**test-listing-1
(/usr/local/texlive/2022/texmf-dist/tex/latex/tools/x.tex
LaTeX2e <2021-11-15> patch level 1
L3 programming layer <2022-02-24>
! .
l.38   \batchmode \errmessage{}
                               \csname @@end\endcsname \end
This error message was generated by an \errmessage
command, so I can't give any explicit help.
Pretend that you're Hercule Poirot: Examine all clues,
and deduce the truth by order and method.

 ) 
Here is how much of TeX's memory you used:
 17 strings out of 476179
 438 string characters out of 5809545
 298513 words of memory out of 5000000
 20869 multiletter control sequences out of 15000+600000
 469259 words of font info for 28 fonts, out of 8000000 for 9000
 1348 hyphenation exceptions out of 8191
 12i,0n,12p,94b,10s stack positions out of 10000i,1000n,20000p,200000b,200000s

No pages of output.
